<?xml version="1.0" encoding="UTF-8"?>
<coverage generated="1525181915926" clover="3.2.0">
  <project timestamp="1525181915926" name="All files">
    <metrics statements="41" coveredstatements="38" conditionals="10" coveredconditionals="8" methods="17" coveredmethods="16" elements="68" coveredelements="62" complexity="0" loc="41" ncloc="41" packages="2" files="5" classes="5">
      <package name="src.components">
        <metrics statements="25" coveredstatements="24" conditionals="4" coveredconditionals="3" methods="15" coveredmethods="14"/>
        <file name="AddTodo.js" path="/Users/mazidong/work/demo/TestFramework/react-offical-todos/src/components/AddTodo.js">
          <metrics statements="7" coveredstatements="7" conditionals="2" coveredconditionals="1" methods="3" coveredmethods="3"/>
          <line num="6" count="3" type="stmt"/>
          <line num="10" count="1" type="stmt"/>
          <line num="11" count="1" type="cond" truecount="1" falsecount="1"/>
          <line num="12" count="1" type="stmt"/>
          <line num="16" count="1" type="stmt"/>
          <line num="17" count="1" type="stmt"/>
          <line num="22" count="3" type="stmt"/>
        </file>
        <file name="AppMain.js" path="/Users/mazidong/work/demo/TestFramework/react-offical-todos/src/components/AppMain.js">
          <metrics statements="2" coveredstatements="2" conditionals="0" coveredconditionals="0" methods="2" coveredmethods="2"/>
          <line num="7" count="4" type="stmt"/>
          <line num="10" count="4" type="stmt"/>
        </file>
        <file name="TodoItem.js" path="/Users/mazidong/work/demo/TestFramework/react-offical-todos/src/components/TodoItem.js">
          <metrics statements="9" coveredstatements="9" conditionals="2" coveredconditionals="2" methods="4" coveredmethods="4"/>
          <line num="5" count="10" type="stmt"/>
          <line num="8" count="1" type="stmt"/>
          <line num="9" count="1" type="stmt"/>
          <line num="11" count="1" type="stmt"/>
          <line num="15" count="1" type="stmt"/>
          <line num="16" count="1" type="stmt"/>
          <line num="17" count="1" type="stmt"/>
          <line num="21" count="20" type="stmt"/>
          <line num="23" count="20" type="stmt"/>
        </file>
        <file name="TodoList.js" path="/Users/mazidong/work/demo/TestFramework/react-offical-todos/src/components/TodoList.js">
          <metrics statements="7" coveredstatements="6" conditionals="0" coveredconditionals="0" methods="6" coveredmethods="5"/>
          <line num="7" count="3" type="stmt"/>
          <line num="8" count="3" type="stmt"/>
          <line num="12" count="3" type="stmt"/>
          <line num="16" count="0" type="stmt"/>
          <line num="20" count="4" type="stmt"/>
          <line num="24" count="18" type="stmt"/>
          <line num="26" count="7" type="stmt"/>
        </file>
      </package>
      <package name="stores">
        <metrics statements="16" coveredstatements="14" conditionals="6" coveredconditionals="5" methods="2" coveredmethods="2"/>
        <file name="TodoStore.js" path="/Users/mazidong/work/demo/TestFramework/react-offical-todos/stores/TodoStore.js">
          <metrics statements="16" coveredstatements="14" conditionals="6" coveredconditionals="5" methods="2" coveredmethods="2"/>
          <line num="3" count="3" type="stmt"/>
          <line num="21" count="7" type="stmt"/>
          <line num="25" count="3" type="stmt"/>
          <line num="29" count="3" type="stmt"/>
          <line num="33" count="0" type="stmt"/>
          <line num="37" count="1" type="stmt"/>
          <line num="39" count="1" type="cond" truecount="3" falsecount="1"/>
          <line num="40" count="0" type="stmt"/>
          <line num="43" count="1" type="stmt"/>
          <line num="44" count="1" type="stmt"/>
          <line num="45" count="1" type="stmt"/>
          <line num="49" count="1" type="stmt"/>
          <line num="50" count="2" type="cond" truecount="2" falsecount="0"/>
          <line num="51" count="1" type="stmt"/>
          <line num="54" count="2" type="stmt"/>
          <line num="59" count="3" type="stmt"/>
        </file>
      </package>
    </metrics>
  </project>
</coverage>
