{"/Users/mazidong/work/demo/TestFramework/react-offical-todos/src/components/AddTodo.js": {"path":"/Users/mazidong/work/demo/TestFramework/react-offical-todos/src/components/AddTodo.js","statementMap":{"0":{"start":{"line":6,"column":8},"end":{"line":6,"column":21}},"1":{"start":{"line":10,"column":28},"end":{"line":10,"column":53}},"2":{"start":{"line":11,"column":8},"end":{"line":18,"column":9}},"3":{"start":{"line":12,"column":12},"end":{"line":14,"column":15}},"4":{"start":{"line":16,"column":12},"end":{"line":16,"column":35}},"5":{"start":{"line":17,"column":12},"end":{"line":17,"column":43}},"6":{"start":{"line":22,"column":8},"end":{"line":27,"column":10}}},"fnMap":{"0":{"name":"(anonymous_0)","decl":{"start":{"line":5,"column":4},"end":{"line":5,"column":5}},"loc":{"start":{"line":5,"column":23},"end":{"line":7,"column":5}},"line":5},"1":{"name":"(anonymous_1)","decl":{"start":{"line":9,"column":14},"end":{"line":9,"column":15}},"loc":{"start":{"line":9,"column":20},"end":{"line":19,"column":5}},"line":9},"2":{"name":"(anonymous_2)","decl":{"start":{"line":21,"column":4},"end":{"line":21,"column":5}},"loc":{"start":{"line":21,"column":13},"end":{"line":28,"column":5}},"line":21}},"branchMap":{"0":{"loc":{"start":{"line":11,"column":8},"end":{"line":18,"column":9}},"type":"if","locations":[{"start":{"line":11,"column":8},"end":{"line":18,"column":9}},{"start":{"line":11,"column":8},"end":{"line":18,"column":9}}],"line":11}},"s":{"0":3,"1":1,"2":1,"3":1,"4":1,"5":1,"6":3},"f":{"0":3,"1":1,"2":3},"b":{"0":[1,0]},"_coverageSchema":"332fd63041d2c1bcb487cc26dd0d5f7d97098a6c","hash":"962e47cf5cceee076eff6e35f12b3163ff947d23"}
,"/Users/mazidong/work/demo/TestFramework/react-offical-todos/src/components/AppMain.js": {"path":"/Users/mazidong/work/demo/TestFramework/react-offical-todos/src/components/AppMain.js","statementMap":{"0":{"start":{"line":7,"column":23},"end":{"line":7,"column":36}},"1":{"start":{"line":10,"column":8},"end":{"line":16,"column":10}}},"fnMap":{"0":{"name":"(anonymous_0)","decl":{"start":{"line":7,"column":4},"end":{"line":7,"column":5}},"loc":{"start":{"line":7,"column":22},"end":{"line":7,"column":37}},"line":7},"1":{"name":"(anonymous_1)","decl":{"start":{"line":9,"column":4},"end":{"line":9,"column":5}},"loc":{"start":{"line":9,"column":13},"end":{"line":17,"column":5}},"line":9}},"branchMap":{},"s":{"0":4,"1":4},"f":{"0":4,"1":4},"b":{},"_coverageSchema":"332fd63041d2c1bcb487cc26dd0d5f7d97098a6c","hash":"0522663c316711af8402269d733630f0a11f2e2c"}
,"/Users/mazidong/work/demo/TestFramework/react-offical-todos/src/components/TodoItem.js": {"path":"/Users/mazidong/work/demo/TestFramework/react-offical-todos/src/components/TodoItem.js","statementMap":{"0":{"start":{"line":5,"column":24},"end":{"line":5,"column":37}},"1":{"start":{"line":8,"column":8},"end":{"line":8,"column":27}},"2":{"start":{"line":9,"column":8},"end":{"line":9,"column":49}},"3":{"start":{"line":11,"column":8},"end":{"line":11,"column":31}},"4":{"start":{"line":15,"column":8},"end":{"line":15,"column":27}},"5":{"start":{"line":16,"column":8},"end":{"line":16,"column":49}},"6":{"start":{"line":17,"column":8},"end":{"line":17,"column":31}},"7":{"start":{"line":21,"column":21},"end":{"line":21,"column":36}},"8":{"start":{"line":23,"column":8},"end":{"line":28,"column":10}}},"fnMap":{"0":{"name":"(anonymous_0)","decl":{"start":{"line":5,"column":4},"end":{"line":5,"column":5}},"loc":{"start":{"line":5,"column":23},"end":{"line":5,"column":38}},"line":5},"1":{"name":"(anonymous_1)","decl":{"start":{"line":7,"column":4},"end":{"line":7,"column":5}},"loc":{"start":{"line":7,"column":18},"end":{"line":12,"column":5}},"line":7},"2":{"name":"(anonymous_2)","decl":{"start":{"line":14,"column":4},"end":{"line":14,"column":5}},"loc":{"start":{"line":14,"column":18},"end":{"line":18,"column":5}},"line":14},"3":{"name":"(anonymous_3)","decl":{"start":{"line":20,"column":4},"end":{"line":20,"column":5}},"loc":{"start":{"line":20,"column":13},"end":{"line":29,"column":5}},"line":20}},"branchMap":{"0":{"loc":{"start":{"line":25,"column":46},"end":{"line":25,"column":74}},"type":"cond-expr","locations":[{"start":{"line":25,"column":58},"end":{"line":25,"column":69}},{"start":{"line":25,"column":72},"end":{"line":25,"column":74}}],"line":25}},"s":{"0":10,"1":1,"2":1,"3":1,"4":1,"5":1,"6":1,"7":20,"8":20},"f":{"0":10,"1":1,"2":1,"3":20},"b":{"0":[3,17]},"_coverageSchema":"332fd63041d2c1bcb487cc26dd0d5f7d97098a6c","hash":"cede175ee1f3f17465bf551bbcaa6b2c434a95c1"}
,"/Users/mazidong/work/demo/TestFramework/react-offical-todos/src/components/TodoList.js": {"path":"/Users/mazidong/work/demo/TestFramework/react-offical-todos/src/components/TodoList.js","statementMap":{"0":{"start":{"line":7,"column":8},"end":{"line":7,"column":21}},"1":{"start":{"line":8,"column":8},"end":{"line":8,"column":40}},"2":{"start":{"line":12,"column":8},"end":{"line":12,"column":52}},"3":{"start":{"line":16,"column":8},"end":{"line":16,"column":55}},"4":{"start":{"line":20,"column":8},"end":{"line":20,"column":42}},"5":{"start":{"line":24,"column":29},"end":{"line":24,"column":96}},"6":{"start":{"line":24,"column":58},"end":{"line":24,"column":95}},"7":{"start":{"line":26,"column":8},"end":{"line":30,"column":10}}},"fnMap":{"0":{"name":"(anonymous_0)","decl":{"start":{"line":6,"column":4},"end":{"line":6,"column":5}},"loc":{"start":{"line":6,"column":22},"end":{"line":9,"column":5}},"line":6},"1":{"name":"(anonymous_1)","decl":{"start":{"line":11,"column":4},"end":{"line":11,"column":5}},"loc":{"start":{"line":11,"column":24},"end":{"line":13,"column":5}},"line":11},"2":{"name":"(anonymous_2)","decl":{"start":{"line":15,"column":4},"end":{"line":15,"column":5}},"loc":{"start":{"line":15,"column":27},"end":{"line":17,"column":5}},"line":15},"3":{"name":"(anonymous_3)","decl":{"start":{"line":19,"column":16},"end":{"line":19,"column":17}},"loc":{"start":{"line":19,"column":22},"end":{"line":21,"column":5}},"line":19},"4":{"name":"(anonymous_4)","decl":{"start":{"line":23,"column":4},"end":{"line":23,"column":5}},"loc":{"start":{"line":23,"column":13},"end":{"line":31,"column":5}},"line":23},"5":{"name":"(anonymous_5)","decl":{"start":{"line":24,"column":50},"end":{"line":24,"column":51}},"loc":{"start":{"line":24,"column":58},"end":{"line":24,"column":95}},"line":24}},"branchMap":{},"s":{"0":3,"1":3,"2":3,"3":0,"4":4,"5":7,"6":18,"7":7},"f":{"0":3,"1":3,"2":0,"3":4,"4":7,"5":18},"b":{},"_coverageSchema":"332fd63041d2c1bcb487cc26dd0d5f7d97098a6c","hash":"36ca632dbaaa06a60fb4b687770c28b58d9a527d"}
,"/Users/mazidong/work/demo/TestFramework/react-offical-todos/stores/TodoStore.js": {"path":"/Users/mazidong/work/demo/TestFramework/react-offical-todos/stores/TodoStore.js","statementMap":{"0":{"start":{"line":3,"column":18},"end":{"line":61,"column":2}},"1":{"start":{"line":21,"column":8},"end":{"line":21,"column":26}},"2":{"start":{"line":25,"column":8},"end":{"line":25,"column":28}},"3":{"start":{"line":29,"column":8},"end":{"line":29,"column":36}},"4":{"start":{"line":33,"column":8},"end":{"line":33,"column":48}},"5":{"start":{"line":37,"column":22},"end":{"line":37,"column":38}},"6":{"start":{"line":39,"column":8},"end":{"line":41,"column":9}},"7":{"start":{"line":40,"column":12},"end":{"line":40,"column":34}},"8":{"start":{"line":43,"column":8},"end":{"line":43,"column":32}},"9":{"start":{"line":44,"column":8},"end":{"line":44,"column":24}},"10":{"start":{"line":45,"column":8},"end":{"line":45,"column":36}},"11":{"start":{"line":49,"column":8},"end":{"line":55,"column":11}},"12":{"start":{"line":50,"column":12},"end":{"line":52,"column":13}},"13":{"start":{"line":51,"column":16},"end":{"line":51,"column":39}},"14":{"start":{"line":54,"column":12},"end":{"line":54,"column":24}},"15":{"start":{"line":59,"column":8},"end":{"line":59,"column":75}},"16":{"start":{"line":59,"column":59},"end":{"line":59,"column":73}}},"fnMap":{"0":{"name":"(anonymous_0)","decl":{"start":{"line":49,"column":48},"end":{"line":49,"column":49}},"loc":{"start":{"line":49,"column":56},"end":{"line":55,"column":9}},"line":49},"1":{"name":"(anonymous_1)","decl":{"start":{"line":59,"column":51},"end":{"line":59,"column":52}},"loc":{"start":{"line":59,"column":59},"end":{"line":59,"column":73}},"line":59}},"branchMap":{"0":{"loc":{"start":{"line":39,"column":8},"end":{"line":41,"column":9}},"type":"if","locations":[{"start":{"line":39,"column":8},"end":{"line":41,"column":9}},{"start":{"line":39,"column":8},"end":{"line":41,"column":9}}],"line":39},"1":{"loc":{"start":{"line":39,"column":12},"end":{"line":39,"column":65}},"type":"binary-expr","locations":[{"start":{"line":39,"column":12},"end":{"line":39,"column":18}},{"start":{"line":39,"column":22},"end":{"line":39,"column":65}}],"line":39},"2":{"loc":{"start":{"line":50,"column":12},"end":{"line":52,"column":13}},"type":"if","locations":[{"start":{"line":50,"column":12},"end":{"line":52,"column":13}},{"start":{"line":50,"column":12},"end":{"line":52,"column":13}}],"line":50}},"s":{"0":3,"1":7,"2":3,"3":3,"4":0,"5":1,"6":1,"7":0,"8":1,"9":1,"10":1,"11":1,"12":2,"13":1,"14":2,"15":1,"16":3},"f":{"0":2,"1":3},"b":{"0":[0,1],"1":[1,1],"2":[1,1]},"_coverageSchema":"332fd63041d2c1bcb487cc26dd0d5f7d97098a6c","hash":"be9ff02716d127b40e72d252b48a164f1cab5421"}
}
