TN:
SF:/Users/mazidong/work/demo/TestFramework/react-offical-todos/src/components/AddTodo.js
FN:5,(anonymous_0)
FN:9,(anonymous_1)
FN:21,(anonymous_2)
FNF:3
FNH:3
FNDA:3,(anonymous_0)
FNDA:1,(anonymous_1)
FNDA:3,(anonymous_2)
DA:6,3
DA:10,1
DA:11,1
DA:12,1
DA:16,1
DA:17,1
DA:22,3
LF:7
LH:7
BRDA:11,0,0,1
BRDA:11,0,1,0
BRF:2
BRH:1
end_of_record
TN:
SF:/Users/mazidong/work/demo/TestFramework/react-offical-todos/src/components/AppMain.js
FN:7,(anonymous_0)
FN:9,(anonymous_1)
FNF:2
FNH:2
FNDA:4,(anonymous_0)
FNDA:4,(anonymous_1)
DA:7,4
DA:10,4
LF:2
LH:2
BRF:0
BRH:0
end_of_record
TN:
SF:/Users/mazidong/work/demo/TestFramework/react-offical-todos/src/components/TodoItem.js
FN:5,(anonymous_0)
FN:7,(anonymous_1)
FN:14,(anonymous_2)
FN:20,(anonymous_3)
FNF:4
FNH:4
FNDA:10,(anonymous_0)
FNDA:1,(anonymous_1)
FNDA:1,(anonymous_2)
FNDA:20,(anonymous_3)
DA:5,10
DA:8,1
DA:9,1
DA:11,1
DA:15,1
DA:16,1
DA:17,1
DA:21,20
DA:23,20
LF:9
LH:9
BRDA:25,0,0,3
BRDA:25,0,1,17
BRF:2
BRH:2
end_of_record
TN:
SF:/Users/mazidong/work/demo/TestFramework/react-offical-todos/src/components/TodoList.js
FN:6,(anonymous_0)
FN:11,(anonymous_1)
FN:15,(anonymous_2)
FN:19,(anonymous_3)
FN:23,(anonymous_4)
FN:24,(anonymous_5)
FNF:6
FNH:5
FNDA:3,(anonymous_0)
FNDA:3,(anonymous_1)
FNDA:0,(anonymous_2)
FNDA:4,(anonymous_3)
FNDA:7,(anonymous_4)
FNDA:18,(anonymous_5)
DA:7,3
DA:8,3
DA:12,3
DA:16,0
DA:20,4
DA:24,18
DA:26,7
LF:7
LH:6
BRF:0
BRH:0
end_of_record
TN:
SF:/Users/mazidong/work/demo/TestFramework/react-offical-todos/stores/TodoStore.js
FN:49,(anonymous_0)
FN:59,(anonymous_1)
FNF:2
FNH:2
FNDA:2,(anonymous_0)
FNDA:3,(anonymous_1)
DA:3,3
DA:21,7
DA:25,3
DA:29,3
DA:33,0
DA:37,1
DA:39,1
DA:40,0
DA:43,1
DA:44,1
DA:45,1
DA:49,1
DA:50,2
DA:51,1
DA:54,2
DA:59,3
LF:16
LH:14
BRDA:39,0,0,0
BRDA:39,0,1,1
BRDA:39,1,0,1
BRDA:39,1,1,1
BRDA:50,2,0,1
BRDA:50,2,1,1
BRF:6
BRH:5
end_of_record
